<?xml version="1.0" encoding="UTF-8"?>
<testsuite name="com.spLogin.controller.MemberControllerTest" tests="1" skipped="0" failures="0" errors="0" timestamp="2025-11-05T13:02:19" hostname="JungHyunwoos-MacBook-Pro.local" time="0.321">
  <properties/>
  <testcase name="registerMember()" classname="com.spLogin.controller.MemberControllerTest" time="0.321"/>
  <system-out><![CDATA[22:02:15.935 [Test worker] DEBUG org.springframework.test.context.BootstrapUtils - Instantiating CacheAwareContextLoaderDelegate from class [org.springframework.test.context.cache.DefaultCacheAwareContextLoaderDelegate]
22:02:15.941 [Test worker] DEBUG org.springframework.test.context.BootstrapUtils - Instantiating BootstrapContext using constructor [public org.springframework.test.context.support.DefaultBootstrapContext(java.lang.Class,org.springframework.test.context.CacheAwareContextLoaderDelegate)]
22:02:15.958 [Test worker] DEBUG org.springframework.test.context.BootstrapUtils - Instantiating TestContextBootstrapper for test class [com.spLogin.controller.MemberControllerTest] from class [org.springframework.boot.test.context.SpringBootTestContextBootstrapper]
22:02:15.964 [Test worker] INFO org.springframework.boot.test.context.SpringBootTestContextBootstrapper - Neither @ContextConfiguration nor @ContextHierarchy found for test class [com.spLogin.controller.MemberControllerTest], using SpringBootContextLoader
22:02:15.966 [Test worker] DEBUG org.springframework.test.context.support.AbstractContextLoader - Did not detect default resource location for test class [com.spLogin.controller.MemberControllerTest]: class path resource [com/spLogin/controller/MemberControllerTest-context.xml] does not exist
22:02:15.966 [Test worker] DEBUG org.springframework.test.context.support.AbstractContextLoader - Did not detect default resource location for test class [com.spLogin.controller.MemberControllerTest]: class path resource [com/spLogin/controller/MemberControllerTestContext.groovy] does not exist
22:02:15.966 [Test worker] INFO org.springframework.test.context.support.AbstractContextLoader - Could not detect default resource locations for test class [com.spLogin.controller.MemberControllerTest]: no resource found for suffixes {-context.xml, Context.groovy}.
22:02:15.966 [Test worker] INFO org.springframework.test.context.support.AnnotationConfigContextLoaderUtils - Could not detect default configuration classes for test class [com.spLogin.controller.MemberControllerTest]: MemberControllerTest does not declare any static, non-private, non-final, nested classes annotated with @Configuration.
22:02:15.999 [Test worker] DEBUG org.springframework.test.context.support.ActiveProfilesUtils - Could not find an 'annotation declaring class' for annotation type [org.springframework.test.context.ActiveProfiles] and class [com.spLogin.controller.MemberControllerTest]
22:02:16.025 [Test worker] DEBUG org.springframework.context.annotation.ClassPathScanningCandidateComponentProvider - Identified candidate component class: file [/Users/junghyeon-u/work/Code/summerProject/build/classes/java/main/com/spLogin/SpLoginApplication.class]
22:02:16.025 [Test worker] INFO org.springframework.boot.test.context.SpringBootTestContextBootstrapper - Found @SpringBootConfiguration com.spLogin.SpLoginApplication for test class com.spLogin.controller.MemberControllerTest
22:02:16.065 [Test worker] DEBUG org.springframework.boot.test.context.SpringBootTestContextBootstrapper - @TestExecutionListeners is not present for class [com.spLogin.controller.MemberControllerTest]: using defaults.
22:02:16.065 [Test worker] INFO org.springframework.boot.test.context.SpringBootTestContextBootstrapper - Loaded default TestExecutionListener class names from location [META-INF/spring.factories]: [org.springframework.security.test.context.support.WithSecurityContextTestExecutionListener, org.springframework.security.test.context.support.ReactorContextTestExecutionListener, org.springframework.boot.test.autoconfigure.restdocs.RestDocsTestExecutionListener, org.springframework.boot.test.autoconfigure.web.client.MockRestServiceServerResetTestExecutionListener, org.springframework.boot.test.autoconfigure.web.servlet.MockMvcPrintOnlyOnFailureTestExecutionListener, org.springframework.boot.test.autoconfigure.web.servlet.WebDriverTestExecutionListener, org.springframework.boot.test.autoconfigure.webservices.client.MockWebServiceServerTestExecutionListener, org.springframework.boot.test.mock.mockito.MockitoTestExecutionListener, org.springframework.boot.test.mock.mockito.ResetMocksTestExecutionListener, org.springframework.test.context.web.ServletTestExecutionListener, org.springframework.test.context.support.DirtiesContextBeforeModesTestExecutionListener, org.springframework.test.context.event.ApplicationEventsTestExecutionListener, org.springframework.test.context.support.DependencyInjectionTestExecutionListener, org.springframework.test.context.support.DirtiesContextTestExecutionListener, org.springframework.test.context.transaction.TransactionalTestExecutionListener, org.springframework.test.context.jdbc.SqlScriptsTestExecutionListener, org.springframework.test.context.event.EventPublishingTestExecutionListener]
22:02:16.074 [Test worker] INFO org.springframework.boot.test.context.SpringBootTestContextBootstrapper - Using TestExecutionListeners: [org.springframework.test.context.web.ServletTestExecutionListener@2ed3b1f5, org.springframework.test.context.support.DirtiesContextBeforeModesTestExecutionListener@63648ee9, org.springframework.test.context.event.ApplicationEventsTestExecutionListener@68d6972f, org.springframework.boot.test.mock.mockito.MockitoTestExecutionListener@45be7cd5, org.springframework.boot.test.autoconfigure.SpringBootDependencyInjectionTestExecutionListener@7651218e, org.springframework.test.context.support.DirtiesContextTestExecutionListener@3185fa6b, org.springframework.test.context.transaction.TransactionalTestExecutionListener@6d366c9b, org.springframework.test.context.jdbc.SqlScriptsTestExecutionListener@5b58ed3c, org.springframework.security.test.context.support.WithSecurityContextTestExecutionListener@24faea88, org.springframework.test.context.event.EventPublishingTestExecutionListener@3a320ade, org.springframework.security.test.context.support.ReactorContextTestExecutionListener@64beebb7, org.springframework.boot.test.autoconfigure.restdocs.RestDocsTestExecutionListener@7813cb11, org.springframework.boot.test.autoconfigure.web.client.MockRestServiceServerResetTestExecutionListener@bcec031, org.springframework.boot.test.autoconfigure.web.servlet.MockMvcPrintOnlyOnFailureTestExecutionListener@21005f6c, org.springframework.boot.test.autoconfigure.web.servlet.WebDriverTestExecutionListener@32f0fba8, org.springframework.boot.test.autoconfigure.webservices.client.MockWebServiceServerTestExecutionListener@545de5a4, org.springframework.boot.test.mock.mockito.ResetMocksTestExecutionListener@29ef6856]
22:02:16.075 [Test worker] DEBUG org.springframework.test.context.support.AbstractDirtiesContextTestExecutionListener - Before test class: context [DefaultTestContext@1536602f testClass = MemberControllerTest, testInstance = [null], testMethod = [null], testException = [null], mergedContextConfiguration = [WebMergedContextConfiguration@4ebea12c testClass = MemberControllerTest, locations = '{}', classes = '{class com.spLogin.SpLoginApplication}', contextInitializerClasses = '[]', activeProfiles = '{}', propertySourceLocations = '{}', propertySourceProperties = '{org.springframework.boot.test.context.SpringBootTestContextBootstrapper=true}', contextCustomizers = set[org.springframework.boot.test.autoconfigure.actuate.metrics.MetricsExportContextCustomizerFactory$DisableMetricExportContextCustomizer@53941c2f, org.springframework.boot.test.autoconfigure.properties.PropertyMappingContextCustomizer@4b3fa0b3, org.springframework.boot.test.autoconfigure.web.servlet.WebDriverContextCustomizerFactory$Customizer@10cf09e8, [ImportsContextCustomizer@2a1edad4 key = [org.springframework.boot.test.autoconfigure.web.servlet.MockMvcAutoConfiguration, org.springframework.boot.test.autoconfigure.web.servlet.MockMvcWebClientAutoConfiguration, org.springframework.boot.test.autoconfigure.web.servlet.MockMvcWebDriverAutoConfiguration, org.springframework.boot.autoconfigure.security.oauth2.client.servlet.OAuth2ClientAutoConfiguration, org.springframework.boot.autoconfigure.security.oauth2.resource.servlet.OAuth2ResourceServerAutoConfiguration, org.springframework.boot.autoconfigure.security.servlet.SecurityAutoConfiguration, org.springframework.boot.autoconfigure.security.servlet.SecurityFilterAutoConfiguration, org.springframework.boot.autoconfigure.security.servlet.UserDetailsServiceAutoConfiguration, org.springframework.boot.test.autoconfigure.web.servlet.MockMvcSecurityConfiguration, org.springframework.boot.test.autoconfigure.web.reactive.WebTestClientAutoConfiguration]], org.springframework.boot.test.context.filter.ExcludeFilterContextCustomizer@6e950bcf, org.springframework.boot.test.json.DuplicateJsonObjectContextCustomizerFactory$DuplicateJsonObjectContextCustomizer@5a709816, org.springframework.boot.test.mock.mockito.MockitoContextCustomizer@0, org.springframework.boot.test.web.client.TestRestTemplateContextCustomizer@38831718, org.springframework.boot.test.context.SpringBootTestArgs@1, org.springframework.boot.test.context.SpringBootTestWebEnvironment@7671cb68], resourceBasePath = 'src/main/webapp', contextLoader = 'org.springframework.boot.test.context.SpringBootContextLoader', parent = [null]], attributes = map['org.springframework.test.context.web.ServletTestExecutionListener.activateListener' -> true]], class annotated with @DirtiesContext [false] with mode [null].

  .   ____          _            __ _ _
 /\\ / ___'_ __ _ _(_)_ __  __ _ \ \ \ \
( ( )\___ | '_ | '_| | '_ \/ _` | \ \ \ \
 \\/  ___)| |_)| | | | | || (_| |  ) ) ) )
  '  |____| .__|_| |_|_| |_\__, | / / / /
 =========|_|==============|___/=/_/_/_/
 :: Spring Boot ::                (v2.7.5)

2025-11-05 22:02:16.240  INFO 31254 --- [    Test worker] c.s.controller.MemberControllerTest      : Starting MemberControllerTest using Java 17.0.10 on JungHyunwoos-MacBook-Pro.local with PID 31254 (started by junghyeon-u in /Users/junghyeon-u/work/Code/summerProject)
2025-11-05 22:02:16.240  INFO 31254 --- [    Test worker] c.s.controller.MemberControllerTest      : No active profile set, falling back to 1 default profile: "default"
2025-11-05 22:02:16.702  INFO 31254 --- [    Test worker] .s.d.r.c.RepositoryConfigurationDelegate : Multiple Spring Data modules found, entering strict repository configuration mode
2025-11-05 22:02:16.703  INFO 31254 --- [    Test worker] .s.d.r.c.RepositoryConfigurationDelegate : Bootstrapping Spring Data JPA repositories in DEFAULT mode.
2025-11-05 22:02:16.776  INFO 31254 --- [    Test worker] .s.d.r.c.RepositoryConfigurationDelegate : Finished Spring Data repository scanning in 69 ms. Found 3 JPA repository interfaces.
2025-11-05 22:02:16.785  INFO 31254 --- [    Test worker] .s.d.r.c.RepositoryConfigurationDelegate : Multiple Spring Data modules found, entering strict repository configuration mode
2025-11-05 22:02:16.786  INFO 31254 --- [    Test worker] .s.d.r.c.RepositoryConfigurationDelegate : Bootstrapping Spring Data Redis repositories in DEFAULT mode.
2025-11-05 22:02:16.793  INFO 31254 --- [    Test worker] .RepositoryConfigurationExtensionSupport : Spring Data Redis - Could not safely identify store assignment for repository candidate interface com.spLogin.api.repository.MeetingRoomRepository; If you want this repository to be a Redis repository, consider annotating your entities with one of these annotations: org.springframework.data.redis.core.RedisHash (preferred), or consider extending one of the following types with your repository: org.springframework.data.keyvalue.repository.KeyValueRepository
2025-11-05 22:02:16.794  INFO 31254 --- [    Test worker] .RepositoryConfigurationExtensionSupport : Spring Data Redis - Could not safely identify store assignment for repository candidate interface com.spLogin.api.repository.MemberRepository; If you want this repository to be a Redis repository, consider annotating your entities with one of these annotations: org.springframework.data.redis.core.RedisHash (preferred), or consider extending one of the following types with your repository: org.springframework.data.keyvalue.repository.KeyValueRepository
2025-11-05 22:02:16.794  INFO 31254 --- [    Test worker] .RepositoryConfigurationExtensionSupport : Spring Data Redis - Could not safely identify store assignment for repository candidate interface com.spLogin.api.repository.ReservationRepository; If you want this repository to be a Redis repository, consider annotating your entities with one of these annotations: org.springframework.data.redis.core.RedisHash (preferred), or consider extending one of the following types with your repository: org.springframework.data.keyvalue.repository.KeyValueRepository
2025-11-05 22:02:16.794  INFO 31254 --- [    Test worker] .s.d.r.c.RepositoryConfigurationDelegate : Finished Spring Data repository scanning in 4 ms. Found 0 Redis repository interfaces.
2025-11-05 22:02:17.096  INFO 31254 --- [    Test worker] o.hibernate.jpa.internal.util.LogHelper  : HHH000204: Processing PersistenceUnitInfo [name: default]
2025-11-05 22:02:17.124  INFO 31254 --- [    Test worker] org.hibernate.Version                    : HHH000412: Hibernate ORM core version 5.6.12.Final
2025-11-05 22:02:17.199  INFO 31254 --- [    Test worker] o.hibernate.annotations.common.Version   : HCANN000001: Hibernate Commons Annotations {5.1.2.Final}
2025-11-05 22:02:17.240  INFO 31254 --- [    Test worker] com.zaxxer.hikari.HikariDataSource       : HikariPool-1 - Starting...
2025-11-05 22:02:17.336  INFO 31254 --- [    Test worker] com.zaxxer.hikari.HikariDataSource       : HikariPool-1 - Start completed.
2025-11-05 22:02:17.350  INFO 31254 --- [    Test worker] org.hibernate.dialect.Dialect            : HHH000400: Using dialect: org.hibernate.dialect.H2Dialect
Hibernate: 
    
    drop table if exists meeting_room CASCADE 
Hibernate: 
    
    drop table if exists member CASCADE 
Hibernate: 
    
    drop table if exists reservation CASCADE 
Hibernate: 
    
    create table meeting_room (
       id bigint generated by default as identity,
        location varchar(255),
        max_people bigint,
        name varchar(255),
        primary key (id)
    )
Hibernate: 
    
    create table member (
       id bigint generated by default as identity,
        created_at timestamp,
        updated_at timestamp,
        email varchar(255) not null,
        is_deleted boolean,
        nickname varchar(255) not null,
        password varchar(255) not null,
        provider varchar(255),
        provider_id varchar(255),
        role varchar(255),
        primary key (id)
    )
Hibernate: 
    
    create table reservation (
       id bigint generated by default as identity,
        description varchar(255),
        end_date_time timestamp,
        start_date_time timestamp,
        meeting_room_id bigint,
        member_id bigint,
        primary key (id)
    )
Hibernate: 
    
    alter table member 
       add constraint UK_mbmcqelty0fbrvxp1q58dn57t unique (email)
Hibernate: 
    
    alter table member 
       add constraint UK_hh9kg6jti4n1eoiertn2k6qsc unique (nickname)
Hibernate: 
    
    alter table reservation 
       add constraint FKjy50v0w18xpigjaocmk64ueof 
       foreign key (meeting_room_id) 
       references meeting_room
Hibernate: 
    
    alter table reservation 
       add constraint FK68999qe28ym9eqqlowybh9nvn 
       foreign key (member_id) 
       references member
2025-11-05 22:02:17.657  INFO 31254 --- [    Test worker] o.h.e.t.j.p.i.JtaPlatformInitiator       : HHH000490: Using JtaPlatform implementation: [org.hibernate.engine.transaction.jta.platform.internal.NoJtaPlatform]
2025-11-05 22:02:17.661  INFO 31254 --- [    Test worker] j.LocalContainerEntityManagerFactoryBean : Initialized JPA EntityManagerFactory for persistence unit 'default'
2025-11-05 22:02:17.990  WARN 31254 --- [    Test worker] JpaBaseConfiguration$JpaWebConfiguration : spring.jpa.open-in-view is enabled by default. Therefore, database queries may be performed during view rendering. Explicitly configure spring.jpa.open-in-view to disable this warning
2025-11-05 22:02:18.188  INFO 31254 --- [    Test worker] o.s.b.a.h2.H2ConsoleAutoConfiguration    : H2 console available at '/h2'. Database available at 'jdbc:h2:mem:testdb'
2025-11-05 22:02:18.492  WARN 31254 --- [    Test worker] o.s.s.c.a.web.builders.WebSecurity       : You are asking Spring Security to ignore Ant [pattern='/h2-console/**']. This is not recommended -- please use permitAll via HttpSecurity#authorizeHttpRequests instead.
2025-11-05 22:02:18.492  INFO 31254 --- [    Test worker] o.s.s.web.DefaultSecurityFilterChain     : Will not secure Ant [pattern='/h2-console/**']
2025-11-05 22:02:18.493  WARN 31254 --- [    Test worker] o.s.s.c.a.web.builders.WebSecurity       : You are asking Spring Security to ignore Ant [pattern='favicon.ico']. This is not recommended -- please use permitAll via HttpSecurity#authorizeHttpRequests instead.
2025-11-05 22:02:18.493  INFO 31254 --- [    Test worker] o.s.s.web.DefaultSecurityFilterChain     : Will not secure Ant [pattern='favicon.ico']
2025-11-05 22:02:18.523  INFO 31254 --- [    Test worker] o.s.s.web.DefaultSecurityFilterChain     : Will secure any request with [org.springframework.security.web.session.DisableEncodeUrlFilter@1bc6a43c, org.springframework.security.web.context.request.async.WebAsyncManagerIntegrationFilter@5f3fa154, org.springframework.security.web.context.SecurityContextPersistenceFilter@34b69a14, org.springframework.security.web.header.HeaderWriterFilter@6be8e6ee, org.springframework.security.web.authentication.logout.LogoutFilter@5c190662, com.spLogin.common.config.UserAuthenticationFilter@6193340e, org.springframework.security.web.savedrequest.RequestCacheAwareFilter@738a1324, org.springframework.security.web.servletapi.SecurityContextHolderAwareRequestFilter@745e1fb7, org.springframework.security.web.authentication.AnonymousAuthenticationFilter@3bced0d2, org.springframework.security.web.session.SessionManagementFilter@659f5f32, org.springframework.security.web.access.ExceptionTranslationFilter@113b39e9, org.springframework.security.web.access.intercept.FilterSecurityInterceptor@52688730]
2025-11-05 22:02:18.809  INFO 31254 --- [    Test worker] o.s.b.t.m.w.SpringBootMockServletContext : Initializing Spring TestDispatcherServlet ''
2025-11-05 22:02:18.809  INFO 31254 --- [    Test worker] o.s.t.web.servlet.TestDispatcherServlet  : Initializing Servlet ''
2025-11-05 22:02:18.810  INFO 31254 --- [    Test worker] o.s.t.web.servlet.TestDispatcherServlet  : Completed initialization in 1 ms
2025-11-05 22:02:18.989  INFO 31254 --- [    Test worker] s.a.ScheduledAnnotationBeanPostProcessor : No TaskScheduler/ScheduledExecutorService bean found for scheduled processing
2025-11-05 22:02:18.993  INFO 31254 --- [    Test worker] c.s.controller.MemberControllerTest      : Started MemberControllerTest in 2.899 seconds (JVM running for 3.419)
2025-11-05 22:02:19.006  INFO 31254 --- [    Test worker] o.s.t.c.transaction.TransactionContext   : Began transaction (1) for test context [DefaultTestContext@1536602f testClass = MemberControllerTest, testInstance = com.spLogin.controller.MemberControllerTest@1b74dd88, testMethod = registerMember@MemberControllerTest, testException = [null], mergedContextConfiguration = [WebMergedContextConfiguration@4ebea12c testClass = MemberControllerTest, locations = '{}', classes = '{class com.spLogin.SpLoginApplication}', contextInitializerClasses = '[]', activeProfiles = '{}', propertySourceLocations = '{}', propertySourceProperties = '{org.springframework.boot.test.context.SpringBootTestContextBootstrapper=true}', contextCustomizers = set[org.springframework.boot.test.autoconfigure.actuate.metrics.MetricsExportContextCustomizerFactory$DisableMetricExportContextCustomizer@53941c2f, org.springframework.boot.test.autoconfigure.properties.PropertyMappingContextCustomizer@4b3fa0b3, org.springframework.boot.test.autoconfigure.web.servlet.WebDriverContextCustomizerFactory$Customizer@10cf09e8, [ImportsContextCustomizer@2a1edad4 key = [org.springframework.boot.test.autoconfigure.web.servlet.MockMvcAutoConfiguration, org.springframework.boot.test.autoconfigure.web.servlet.MockMvcWebClientAutoConfiguration, org.springframework.boot.test.autoconfigure.web.servlet.MockMvcWebDriverAutoConfiguration, org.springframework.boot.autoconfigure.security.oauth2.client.servlet.OAuth2ClientAutoConfiguration, org.springframework.boot.autoconfigure.security.oauth2.resource.servlet.OAuth2ResourceServerAutoConfiguration, org.springframework.boot.autoconfigure.security.servlet.SecurityAutoConfiguration, org.springframework.boot.autoconfigure.security.servlet.SecurityFilterAutoConfiguration, org.springframework.boot.autoconfigure.security.servlet.UserDetailsServiceAutoConfiguration, org.springframework.boot.test.autoconfigure.web.servlet.MockMvcSecurityConfiguration, org.springframework.boot.test.autoconfigure.web.reactive.WebTestClientAutoConfiguration]], org.springframework.boot.test.context.filter.ExcludeFilterContextCustomizer@6e950bcf, org.springframework.boot.test.json.DuplicateJsonObjectContextCustomizerFactory$DuplicateJsonObjectContextCustomizer@5a709816, org.springframework.boot.test.mock.mockito.MockitoContextCustomizer@0, org.springframework.boot.test.web.client.TestRestTemplateContextCustomizer@38831718, org.springframework.boot.test.context.SpringBootTestArgs@1, org.springframework.boot.test.context.SpringBootTestWebEnvironment@7671cb68], resourceBasePath = 'src/main/webapp', contextLoader = 'org.springframework.boot.test.context.SpringBootContextLoader', parent = [null]], attributes = map['org.springframework.test.context.web.ServletTestExecutionListener.activateListener' -> true, 'org.springframework.test.context.web.ServletTestExecutionListener.populatedRequestContextHolder' -> true, 'org.springframework.test.context.web.ServletTestExecutionListener.resetRequestContextHolder' -> true, 'org.springframework.test.context.event.ApplicationEventsTestExecutionListener.recordApplicationEvents' -> false]]; transaction manager [org.springframework.orm.jpa.JpaTransactionManager@44929971]; rollback [true]
Hibernate: 
    select
        member0_.id as id1_1_,
        member0_.created_at as created_2_1_,
        member0_.updated_at as updated_3_1_,
        member0_.email as email4_1_,
        member0_.is_deleted as is_delet5_1_,
        member0_.nickname as nickname6_1_,
        member0_.password as password7_1_,
        member0_.provider as provider8_1_,
        member0_.provider_id as provider9_1_,
        member0_.role as role10_1_ 
    from
        member member0_ 
    where
        member0_.email=?
Hibernate: 
    select
        member0_.id as id1_1_,
        member0_.created_at as created_2_1_,
        member0_.updated_at as updated_3_1_,
        member0_.email as email4_1_,
        member0_.is_deleted as is_delet5_1_,
        member0_.nickname as nickname6_1_,
        member0_.password as password7_1_,
        member0_.provider as provider8_1_,
        member0_.provider_id as provider9_1_,
        member0_.role as role10_1_ 
    from
        member member0_ 
    where
        member0_.nickname=?
Hibernate: 
    insert 
    into
        member
        (id, created_at, updated_at, email, is_deleted, nickname, password, provider, provider_id, role) 
    values
        (default, ?, ?, ?, ?, ?, ?, ?, ?, ?)
2025-11-05 22:02:19.320  INFO 31254 --- [    Test worker] o.s.t.c.transaction.TransactionContext   : Rolled back transaction for test: [DefaultTestContext@1536602f testClass = MemberControllerTest, testInstance = com.spLogin.controller.MemberControllerTest@1b74dd88, testMethod = registerMember@MemberControllerTest, testException = [null], mergedContextConfiguration = [WebMergedContextConfiguration@4ebea12c testClass = MemberControllerTest, locations = '{}', classes = '{class com.spLogin.SpLoginApplication}', contextInitializerClasses = '[]', activeProfiles = '{}', propertySourceLocations = '{}', propertySourceProperties = '{org.springframework.boot.test.context.SpringBootTestContextBootstrapper=true}', contextCustomizers = set[org.springframework.boot.test.autoconfigure.actuate.metrics.MetricsExportContextCustomizerFactory$DisableMetricExportContextCustomizer@53941c2f, org.springframework.boot.test.autoconfigure.properties.PropertyMappingContextCustomizer@4b3fa0b3, org.springframework.boot.test.autoconfigure.web.servlet.WebDriverContextCustomizerFactory$Customizer@10cf09e8, [ImportsContextCustomizer@2a1edad4 key = [org.springframework.boot.test.autoconfigure.web.servlet.MockMvcAutoConfiguration, org.springframework.boot.test.autoconfigure.web.servlet.MockMvcWebClientAutoConfiguration, org.springframework.boot.test.autoconfigure.web.servlet.MockMvcWebDriverAutoConfiguration, org.springframework.boot.autoconfigure.security.oauth2.client.servlet.OAuth2ClientAutoConfiguration, org.springframework.boot.autoconfigure.security.oauth2.resource.servlet.OAuth2ResourceServerAutoConfiguration, org.springframework.boot.autoconfigure.security.servlet.SecurityAutoConfiguration, org.springframework.boot.autoconfigure.security.servlet.SecurityFilterAutoConfiguration, org.springframework.boot.autoconfigure.security.servlet.UserDetailsServiceAutoConfiguration, org.springframework.boot.test.autoconfigure.web.servlet.MockMvcSecurityConfiguration, org.springframework.boot.test.autoconfigure.web.reactive.WebTestClientAutoConfiguration]], org.springframework.boot.test.context.filter.ExcludeFilterContextCustomizer@6e950bcf, org.springframework.boot.test.json.DuplicateJsonObjectContextCustomizerFactory$DuplicateJsonObjectContextCustomizer@5a709816, org.springframework.boot.test.mock.mockito.MockitoContextCustomizer@0, org.springframework.boot.test.web.client.TestRestTemplateContextCustomizer@38831718, org.springframework.boot.test.context.SpringBootTestArgs@1, org.springframework.boot.test.context.SpringBootTestWebEnvironment@7671cb68], resourceBasePath = 'src/main/webapp', contextLoader = 'org.springframework.boot.test.context.SpringBootContextLoader', parent = [null]], attributes = map['org.springframework.test.context.web.ServletTestExecutionListener.activateListener' -> true, 'org.springframework.test.context.web.ServletTestExecutionListener.populatedRequestContextHolder' -> true, 'org.springframework.test.context.web.ServletTestExecutionListener.resetRequestContextHolder' -> true, 'org.springframework.test.context.event.ApplicationEventsTestExecutionListener.recordApplicationEvents' -> false]]
]]></system-out>
  <system-err><![CDATA[]]></system-err>
</testsuite>
